TN:
SF:/Users/Junior/Documents/workspace_node/kernelchallenge/backend-kernell-challenge/routes.js
FN:5,(anonymous_0)
FNF:1
FNH:1
FNDA:3,(anonymous_0)
DA:1,3
DA:3,3
DA:5,3
DA:6,3
DA:7,3
DA:8,3
LF:6
LH:6
BRF:0
BRH:0
end_of_record
TN:
SF:/Users/Junior/Documents/workspace_node/kernelchallenge/backend-kernell-challenge/client/index.js
FNF:0
FNH:0
DA:1,3
DA:2,3
LF:2
LH:2
BRF:0
BRH:0
end_of_record
TN:
SF:/Users/Junior/Documents/workspace_node/kernelchallenge/backend-kernell-challenge/client/s3_client.js
FN:6,(anonymous_0)
FN:14,(anonymous_1)
FN:24,(anonymous_2)
FN:32,(anonymous_3)
FNF:4
FNH:4
FNDA:3,(anonymous_0)
FNDA:1,(anonymous_1)
FNDA:1,(anonymous_2)
FNDA:1,(anonymous_3)
DA:1,3
DA:2,3
DA:3,3
DA:7,3
DA:8,3
DA:9,3
DA:10,3
DA:11,3
DA:15,1
DA:21,1
DA:25,1
DA:29,1
DA:33,1
DA:38,1
DA:44,1
DA:48,3
LF:16
LH:16
BRF:0
BRH:0
end_of_record
TN:
SF:/Users/Junior/Documents/workspace_node/kernelchallenge/backend-kernell-challenge/config/app.js
FNF:0
FNH:0
DA:1,3
DA:2,3
DA:3,3
DA:5,3
DA:7,3
DA:8,3
DA:9,3
DA:11,3
DA:13,3
LF:9
LH:9
BRF:0
BRH:0
end_of_record
TN:
SF:/Users/Junior/Documents/workspace_node/kernelchallenge/backend-kernell-challenge/config/index.js
FNF:0
FNH:0
DA:1,3
DA:3,3
LF:2
LH:2
BRF:0
BRH:0
end_of_record
TN:
SF:/Users/Junior/Documents/workspace_node/kernelchallenge/backend-kernell-challenge/controllers/index.js
FNF:0
FNH:0
DA:1,3
DA:3,3
LF:2
LH:2
BRF:0
BRH:0
end_of_record
TN:
SF:/Users/Junior/Documents/workspace_node/kernelchallenge/backend-kernell-challenge/controllers/s3_controller.js
FN:5,(anonymous_0)
FN:9,(anonymous_1)
FN:14,(anonymous_2)
FN:19,(anonymous_3)
FNF:4
FNH:4
FNDA:3,(anonymous_0)
FNDA:1,(anonymous_1)
FNDA:1,(anonymous_2)
FNDA:1,(anonymous_3)
DA:1,3
DA:2,3
DA:6,3
DA:10,1
DA:11,1
DA:15,1
DA:16,1
DA:20,1
DA:21,1
DA:25,3
LF:10
LH:10
BRF:0
BRH:0
end_of_record
TN:
SF:/Users/Junior/Documents/workspace_node/kernelchallenge/backend-kernell-challenge/errors/index.js
FNF:0
FNH:0
DA:1,5
DA:3,5
LF:2
LH:2
BRF:0
BRH:0
end_of_record
TN:
SF:/Users/Junior/Documents/workspace_node/kernelchallenge/backend-kernell-challenge/errors/invalid_type_error.js
FN:2,(anonymous_0)
FNF:1
FNH:1
FNDA:6,(anonymous_0)
DA:3,6
DA:4,6
DA:5,6
DA:9,5
LF:4
LH:4
BRF:0
BRH:0
end_of_record
TN:
SF:/Users/Junior/Documents/workspace_node/kernelchallenge/backend-kernell-challenge/errors/missing_field_error.js
FN:3,(anonymous_0)
FNF:1
FNH:1
FNDA:10,(anonymous_0)
DA:4,10
DA:5,10
DA:6,10
DA:10,5
LF:4
LH:4
BRF:0
BRH:0
end_of_record
TN:
SF:/Users/Junior/Documents/workspace_node/kernelchallenge/backend-kernell-challenge/middlewares/file_update_validator.js
FN:6,(anonymous_0)
FN:10,(anonymous_1)
FN:19,(anonymous_2)
FNF:3
FNH:3
FNDA:5,(anonymous_0)
FNDA:4,(anonymous_1)
FNDA:7,(anonymous_2)
DA:1,5
DA:2,5
DA:3,5
DA:7,5
DA:11,4
DA:12,4
DA:13,1
DA:15,3
DA:20,7
DA:24,5
LF:10
LH:10
BRF:0
BRH:0
end_of_record
TN:
SF:/Users/Junior/Documents/workspace_node/kernelchallenge/backend-kernell-challenge/middlewares/file_upload_validator.js
FN:6,(anonymous_0)
FN:10,(anonymous_1)
FN:19,(anonymous_2)
FNF:3
FNH:3
FNDA:5,(anonymous_0)
FNDA:6,(anonymous_1)
FNDA:11,(anonymous_2)
DA:1,5
DA:2,5
DA:3,5
DA:7,5
DA:11,6
DA:12,6
DA:13,1
DA:15,5
DA:20,11
DA:24,5
LF:10
LH:10
BRF:0
BRH:0
end_of_record
TN:
SF:/Users/Junior/Documents/workspace_node/kernelchallenge/backend-kernell-challenge/middlewares/index.js
FNF:0
FNH:0
DA:1,5
DA:3,5
LF:2
LH:2
BRF:0
BRH:0
end_of_record
TN:
SF:/Users/Junior/Documents/workspace_node/kernelchallenge/backend-kernell-challenge/schemas/file_update.js
FN:5,(anonymous_0)
FN:17,(anonymous_1)
FNF:2
FNH:2
FNDA:6,(anonymous_0)
FNDA:6,(anonymous_1)
DA:1,5
DA:3,5
DA:5,5
DA:6,6
DA:8,2
DA:10,2
DA:12,2
DA:16,5
DA:17,6
DA:20,5
LF:10
LH:10
BRDA:6,0,0,2
BRDA:6,0,1,2
BRDA:6,0,2,2
BRF:3
BRH:3
end_of_record
TN:
SF:/Users/Junior/Documents/workspace_node/kernelchallenge/backend-kernell-challenge/schemas/file_upload.js
FN:5,(anonymous_0)
FN:19,(anonymous_1)
FN:20,(anonymous_2)
FNF:3
FNH:3
FNDA:10,(anonymous_0)
FNDA:6,(anonymous_1)
FNDA:4,(anonymous_2)
DA:1,5
DA:3,5
DA:5,5
DA:6,10
DA:8,4
DA:10,2
DA:12,2
DA:14,2
DA:18,5
DA:19,6
DA:20,4
DA:23,5
LF:12
LH:12
BRDA:6,0,0,4
BRDA:6,0,1,2
BRDA:6,0,2,2
BRDA:6,0,3,2
BRF:4
BRH:4
end_of_record
TN:
SF:/Users/Junior/Documents/workspace_node/kernelchallenge/backend-kernell-challenge/schemas/index.js
FNF:0
FNH:0
DA:1,5
DA:2,5
LF:2
LH:2
BRF:0
BRH:0
end_of_record
